e5afe2af-symbols/logs/manifest-merger-release-report.txt
-- Merging decision tree log ---
manifest
ADDED from src/main/AndroidManifest.xml:2:1-33:12
INJECTED from src/main/AndroidManifest.xml:2:1-33:12
INJECTED from src/main/AndroidManifest.xml:2:1-33:12
INJECTED from src/main/AndroidManifest.xml:2:1-33:12
MERGED from [androidx.databinding:databinding-adapters:9.0.1] AndroidManifest.xml:2:1-7:12
MERGED from [androidx.databinding:databinding-ktx:9.0.1] AndroidManifest.xml:2:1-7:12
MERGED from [androidx.databinding:databinding-runtime:9.0.1] AndroidManifest.xml:2:1-7:12
MERGED from [:core] AndroidManifest.xml:2:1-72:12
MERGED from [com.github.topjohnwu:indeterminate-checkbox:1.0.7] AndroidManifest.xml:2:1-11:12
MERGED from [dev.rikka.rikkax.layoutinflater:layoutinflater:1.3.0] AndroidManifest.xml:2:1-7:12
MERGED from [dev.rikka.rikkax.insets:insets:1.3.0] AndroidManifest.xml:2:1-9:12
MERGED from [dev.rikka.rikkax.recyclerview:recyclerview-ktx:1.3.2] AndroidManifest.xml:2:1-7:12
MERGED from [androidx.navigation:navigation-runtime-android:2.9.7] AndroidManifest.xml:17:1-22:12
MERGED from [androidx.navigation:navigation-common-android:2.9.7] AndroidManifest.xml:17:1-22:12
MERGED from [androidx.navigation:navigation-ui:2.9.7] AndroidManifest.xml:17:1-22:12
MERGED from [androidx.navigation:navigation-fragment:2.9.7] AndroidManifest.xml:17:1-22:12
MERGED from [androidx.navigation:navigation-ui-ktx:2.9.7] AndroidManifest.xml:2:1-7:12
MERGED from [androidx.navigation:navigation-fragment-ktx:2.9.7] AndroidManifest.xml:2:1-7:12
MERGED from [com.google.android.material:material:1.13.0] AndroidManifest.xml:17:1-24:12
MERGED from [androidx.constraintlayout:constraintlayout:2.2.1] AndroidManifest.xml:2:1-9:12
MERGED from [androidx.swiperefreshlayout:swiperefreshlayout:1.2.0] AndroidManifest.xml:2:1-7:12
MERGED from [me.zhanghai.android.fastscroll:library:1.2.0] AndroidManifest.xml:17:1-22:12
MERGED from [androidx.viewpager2:viewpager2:1.1.0-beta02] AndroidManifest.xml:2:1-7:12
MERGED from [androidx.recyclerview:recyclerview:1.4.0] AndroidManifest.xml:2:1-7:12
MERGED from [androidx.slidingpanelayout:slidingpanelayout:1.2.0] AndroidManifest.xml:17:1-24:12
MERGED from [androidx.transition:transition:1.7.0] AndroidManifest.xml:2:1-7:12
MERGED from [androidx.core:core-splashscreen:1.2.0] AndroidManifest.xml:17:1-22:12
MERGED from [androidx.appcompat:appcompat-resources:1.7.1] AndroidManifest.xml:2:1-7:12
MERGED from [androidx.appcompat:appcompat:1.7.1] AndroidManifest.xml:2:1-7:12
MERGED from [androidx.fragment:fragment:1.8.9] AndroidManifest.xml:2:1-7:12
MERGED from [androidx.fragment:fragment-ktx:1.8.9] AndroidManifest.xml:2:1-7:12
MERGED from [androidx.dynamicanimation:dynamicanimation:1.1.0] AndroidManifest.xml:2:1-7:12
MERGED from [androidx.emoji2:emoji2-views-helper:1.3.0] AndroidManifest.xml:2:1-7:12
MERGED from [androidx.emoji2:emoji2:1.3.0] AndroidManifest.xml:17:1-35:12
MERGED from [androidx.coordinatorlayout:coordinatorlayout:1.1.0] AndroidManifest.xml:17:1-24:12
MERGED from [androidx.vectordrawable:vectordrawable-animated:1.1.0] AndroidManifest.xml:17:1-24:12
MERGED from [androidx.vectordrawable:vectordrawable:1.1.0] AndroidManifest.xml:17:1-24:12
MERGED from [androidx.room:room-ktx:2.8.4] AndroidManifest.xml:17:1-22:12
MERGED from [androidx.room:room-runtime-android:2.8.4] AndroidManifest.xml:17:1-31:12
MERGED from [androidx.activity:activity-ktx:1.12.4] AndroidManifest.xml:2:1-7:12
MERGED from [androidx.activity:activity:1.12.4] AndroidManifest.xml:17:1-22:12
MERGED from [androidx.customview:customview-poolingcontainer:1.0.0] AndroidManifest.xml:17:1-23:12
MERGED from [androidx.graphics:graphics-shapes-android:1.0.1] AndroidManifest.xml:2:1-7:12
MERGED from [androidx.loader:loader:1.0.0] AndroidManifest.xml:17:1-22:12
MERGED from [androidx.lifecycle:lifecycle-runtime-ktx-android:2.9.0] AndroidManifest.xml:2:1-7:12
MERGED from [androidx.lifecycle:lifecycle-viewmodel-ktx:2.9.0] AndroidManifest.xml:2:1-7:12
MERGED from [androidx.lifecycle:lifecycle-service:2.9.0] AndroidManifest.xml:2:1-7:12
MERGED from [androidx.lifecycle:lifecycle-process:2.9.0] AndroidManifest.xml:17:1-35:12
MERGED from [androidx.lifecycle:lifecycle-livedata-core-ktx:2.9.0] AndroidManifest.xml:2:1-7:12
MERGED from [androidx.lifecycle:lifecycle-livedata-core:2.9.0] AndroidManifest.xml:17:1-22:12
MERGED from [androidx.lifecycle:lifecycle-livedata:2.9.0] AndroidManifest.xml:17:1-22:12
MERGED from [androidx.lifecycle:lifecycle-viewmodel:2.9.0] AndroidManifest.xml:2:1-5:12
MERGED from [androidx.lifecycle:lifecycle-viewmodel-android:2.9.0] AndroidManifest.xml:17:1-22:12
MERGED from [androidx.lifecycle:lifecycle-runtime-android:2.9.0] AndroidManifest.xml:17:1-22:12
MERGED from [androidx.savedstate:savedstate-ktx:1.3.0] AndroidManifest.xml:2:1-7:12
MERGED from [androidx.savedstate:savedstate-android:1.3.0] AndroidManifest.xml:17:1-22:12
MERGED from [androidx.lifecycle:lifecycle-viewmodel-savedstate-android:2.9.0] AndroidManifest.xml:17:1-22:12
MERGED from [androidx.core:core-ktx:1.17.0] AndroidManifest.xml:2:1-7:12
MERGED from [androidx.drawerlayout:drawerlayout:1.1.1] AndroidManifest.xml:17:1-24:12
MERGED from [androidx.viewpager:viewpager:1.0.0] AndroidManifest.xml:17:1-22:12
MERGED from [androidx.customview:customview:1.1.0] AndroidManifest.xml:17:1-24:12
MERGED from [androidx.window:window:1.0.0] AndroidManifest.xml:17:1-33:12
MERGED from [androidx.core:core:1.17.0] AndroidManifest.xml:17:1-30:12
MERGED from [androidx.versionedparcelable:versionedparcelable:1.1.1] AndroidManifest.xml:17:1-27:12
MERGED from [androidx.databinding:viewbinding:9.0.1] AndroidManifest.xml:2:1-7:12
MERGED from [com.jakewharton.timber:timber:5.0.1] AndroidManifest.xml:2:1-9:12
MERGED from [com.squareup.okhttp3:okhttp-android:5.3.2] AndroidManifest.xml:2:1-22:12
MERGED from [androidx.navigationevent:navigationevent-android:1.0.2] AndroidManifest.xml:2:1-7:12
MERGED from [androidx.core:core-viewtree:1.0.0] AndroidManifest.xml:2:1-7:12
MERGED from [androidx.annotation:annotation-experimental:1.5.0] AndroidManifest.xml:2:1-7:12
MERGED from [io.noties.markwon:core:4.6.2] AndroidManifest.xml:2:1-11:12
MERGED from [androidx.profileinstaller:profileinstaller:1.4.1] AndroidManifest.xml:17:1-55:12
MERGED from [androidx.interpolator:interpolator:1.0.0] AndroidManifest.xml:17:1-22:12
MERGED from [androidx.cursoradapter:cursoradapter:1.0.0] AndroidManifest.xml:17:1-22:12
MERGED from [androidx.cardview:cardview:1.0.0] AndroidManifest.xml:17:1-22:12
MERGED from [androidx.arch.core:core-runtime:2.2.0] AndroidManifest.xml:17:1-22:12
MERGED from [androidx.startup:startup-runtime:1.2.0] AndroidManifest.xml:17:1-31:12
MERGED from [androidx.tracing:tracing:1.2.0] AndroidManifest.xml:17:1-22:12
MERGED from [androidx.sqlite:sqlite-framework-android:2.6.2] AndroidManifest.xml:17:1-22:12
MERGED from [androidx.sqlite:sqlite-android:2.6.2] AndroidManifest.xml:17:1-22:12
MERGED from [androidx.compose.runtime:runtime-annotation-android:1.9.0] AndroidManifest.xml:2:1-7:12
MERGED from [:shared] AndroidManifest.xml:2:1-37:12
MERGED from [com.github.topjohnwu.libsu:service:6.0.0] AndroidManifest.xml:2:1-7:12
MERGED from [com.github.topjohnwu.libsu:core:6.0.0] AndroidManifest.xml:2:1-7:12
MERGED from [com.github.topjohnwu.libsu:nio:6.0.0] AndroidManifest.xml:2:1-7:12
	package
		INJECTED from src/main/AndroidManifest.xml
	android:versionName
		INJECTED from src/main/AndroidManifest.xml
	xmlns:tools
		ADDED from src/main/AndroidManifest.xml:3:5-51
	android:versionCode
		INJECTED from src/main/AndroidManifest.xml
	xmlns:android
		ADDED from src/main/AndroidManifest.xml:2:11-69
application
ADDED from src/main/AndroidManifest.xml:5:5-31:19
INJECTED from src/main/AndroidManifest.xml:5:5-31:19
MERGED from [:core] AndroidManifest.xml:17:5-70:19
MERGED from [:core] AndroidManifest.xml:17:5-70:19
MERGED from [com.google.android.material:material:1.13.0] AndroidManifest.xml:22:5-20
MERGED from [com.google.android.material:material:1.13.0] AndroidManifest.xml:22:5-20
MERGED from [androidx.constraintlayout:constraintlayout:2.2.1] AndroidManifest.xml:7:5-20
MERGED from [androidx.constraintlayout:constraintlayout:2.2.1] AndroidManifest.xml:7:5-20
MERGED from [androidx.emoji2:emoji2:1.3.0] AndroidManifest.xml:23:5-33:19
MERGED from [androidx.emoji2:emoji2:1.3.0] AndroidManifest.xml:23:5-33:19
MERGED from [androidx.room:room-runtime-android:2.8.4] AndroidManifest.xml:23:5-29:19
MERGED from [androidx.room:room-runtime-android:2.8.4] AndroidManifest.xml:23:5-29:19
MERGED from [androidx.lifecycle:lifecycle-process:2.9.0] AndroidManifest.xml:23:5-33:19
MERGED from [androidx.lifecycle:lifecycle-process:2.9.0] AndroidManifest.xml:23:5-33:19
MERGED from [androidx.window:window:1.0.0] AndroidManifest.xml:24:5-31:19
MERGED from [androidx.window:window:1.0.0] AndroidManifest.xml:24:5-31:19
MERGED from [androidx.core:core:1.17.0] AndroidManifest.xml:28:5-89
MERGED from [androidx.core:core:1.17.0] AndroidManifest.xml:28:5-89
MERGED from [androidx.versionedparcelable:versionedparcelable:1.1.1] AndroidManifest.xml:24:5-25:19
MERGED from [androidx.versionedparcelable:versionedparcelable:1.1.1] AndroidManifest.xml:24:5-25:19
MERGED from [com.jakewharton.timber:timber:5.0.1] AndroidManifest.xml:7:5-20
MERGED from [com.jakewharton.timber:timber:5.0.1] AndroidManifest.xml:7:5-20
MERGED from [com.squareup.okhttp3:okhttp-android:5.3.2] AndroidManifest.xml:10:5-20:19
MERGED from [com.squareup.okhttp3:okhttp-android:5.3.2] AndroidManifest.xml:10:5-20:19
MERGED from [androidx.profileinstaller:profileinstaller:1.4.1] AndroidManifest.xml:23:5-53:19
MERGED from [androidx.profileinstaller:profileinstaller:1.4.1] AndroidManifest.xml:23:5-53:19
MERGED from [androidx.startup:startup-runtime:1.2.0] AndroidManifest.xml:23:5-29:19
MERGED from [androidx.startup:startup-runtime:1.2.0] AndroidManifest.xml:23:5-29:19
MERGED from [:shared] AndroidManifest.xml:30:5-35:71
MERGED from [:shared] AndroidManifest.xml:30:5-35:71
	android:requestLegacyExternalStorage
		ADDED from [:shared] AndroidManifest.xml:33:9-52
	android:extractNativeLibs
		INJECTED from src/main/AndroidManifest.xml
	android:localeConfig
		ADDED from src/main/AndroidManifest.xml:5:18-59
	android:supportsRtl
		ADDED from [:shared] AndroidManifest.xml:34:9-35
	android:label
		ADDED from [:shared] AndroidManifest.xml:32:9-37
	android:appComponentFactory
		REJECTED from [androidx.core:core:1.17.0] AndroidManifest.xml:28:18-86
	tools:ignore
		ADDED from [:core] AndroidManifest.xml:20:9-64
	android:allowBackup
		ADDED from [:shared] AndroidManifest.xml:31:9-36
	android:icon
		ADDED from [:core] AndroidManifest.xml:19:9-45
	tools:remove
		ADDED from [:core] AndroidManifest.xml:21:9-51
	android:theme
		ADDED from [:shared] AndroidManifest.xml:35:9-68
	android:name
		ADDED from [:core] AndroidManifest.xml:18:9-53
activity#com.topjohnwu.magisk.ui.MainActivity
ADDED from src/main/AndroidManifest.xml:6:9-18:20
	android:exported
		ADDED from src/main/AndroidManifest.xml:8:13-36
	android:theme
		ADDED from src/main/AndroidManifest.xml:9:13-47
	android:name
		ADDED from src/main/AndroidManifest.xml:7:13-44
intent-filter#action:name:android.intent.action.MAIN+category:name:android.intent.category.LAUNCHER
ADDED from src/main/AndroidManifest.xml:10:13-13:29
action#android.intent.action.MAIN
ADDED from src/main/AndroidManifest.xml:11:17-69
	android:name
		ADDED from src/main/AndroidManifest.xml:11:25-66
category#android.intent.category.LAUNCHER
ADDED from src/main/AndroidManifest.xml:12:17-77
	android:name
		ADDED from src/main/AndroidManifest.xml:12:27-74
intent-filter#action:name:android.intent.action.APPLICATION_PREFERENCES+category:name:android.intent.category.DEFAULT
ADDED from src/main/AndroidManifest.xml:14:13-17:29
action#android.intent.action.APPLICATION_PREFERENCES
ADDED from src/main/AndroidManifest.xml:15:17-88
	android:name
		ADDED from src/main/AndroidManifest.xml:15:25-85
category#android.intent.category.DEFAULT
ADDED from src/main/AndroidManifest.xml:16:17-76
	android:name
		ADDED from src/main/AndroidManifest.xml:16:27-73
activity#com.topjohnwu.magisk.ui.surequest.SuRequestActivity
ADDED from src/main/AndroidManifest.xml:20:9-30:20
	android:exported
		ADDED from src/main/AndroidManifest.xml:23:13-37
	tools:ignore
		ADDED from src/main/AndroidManifest.xml:25:13-43
	android:directBootAware
		ADDED from src/main/AndroidManifest.xml:22:13-43
	android:taskAffinity
		ADDED from src/main/AndroidManifest.xml:24:13-36
	android:name
		ADDED from src/main/AndroidManifest.xml:21:13-59
intent-filter#action:name:android.intent.action.VIEW+category:name:android.intent.category.DEFAULT
ADDED from src/main/AndroidManifest.xml:26:13-29:29
action#android.intent.action.VIEW
ADDED from src/main/AndroidManifest.xml:27:17-69
	android:name
		ADDED from src/main/AndroidManifest.xml:27:25-66
uses-sdk
INJECTED from src/main/AndroidManifest.xml reason: use-sdk injection requested
INJECTED from src/main/AndroidManifest.xml
INJECTED from src/main/AndroidManifest.xml
MERGED from [androidx.databinding:databinding-adapters:9.0.1] AndroidManifest.xml:5:5-44
MERGED from [androidx.databinding:databinding-adapters:9.0.1] AndroidManifest.xml:5:5-44
MERGED from [androidx.databinding:databinding-ktx:9.0.1] AndroidManifest.xml:5:5-44
MERGED from [androidx.databinding:databinding-ktx:9.0.1] AndroidManifest.xml:5:5-44
MERGED from [androidx.databinding:databinding-runtime:9.0.1] AndroidManifest.xml:5:5-44
MERGED from [androidx.databinding:databinding-runtime:9.0.1] AndroidManifest.xml:5:5-44
MERGED from [:core] AndroidManifest.xml:6:5-44
MERGED from [:core] AndroidManifest.xml:6:5-44
MERGED from [com.github.topjohnwu:indeterminate-checkbox:1.0.7] AndroidManifest.xml:7:5-9:41
MERGED from [com.github.topjohnwu:indeterminate-checkbox:1.0.7] AndroidManifest.xml:7:5-9:41
MERGED from [dev.rikka.rikkax.layoutinflater:layoutinflater:1.3.0] AndroidManifest.xml:5:5-44
MERGED from [dev.rikka.rikkax.layoutinflater:layoutinflater:1.3.0] AndroidManifest.xml:5:5-44
MERGED from [dev.rikka.rikkax.insets:insets:1.3.0] AndroidManifest.xml:5:5-7:41
MERGED from [dev.rikka.rikkax.insets:insets:1.3.0] AndroidManifest.xml:5:5-7:41
MERGED from [dev.rikka.rikkax.recyclerview:recyclerview-ktx:1.3.2] AndroidManifest.xml:5:5-44
MERGED from [dev.rikka.rikkax.recyclerview:recyclerview-ktx:1.3.2] AndroidManifest.xml:5:5-44
MERGED from [androidx.navigation:navigation-runtime-android:2.9.7] AndroidManifest.xml:20:5-44
MERGED from [androidx.navigation:navigation-runtime-android:2.9.7] AndroidManifest.xml:20:5-44
MERGED from [androidx.navigation:navigation-common-android:2.9.7] AndroidManifest.xml:20:5-44
MERGED from [androidx.navigation:navigation-common-android:2.9.7] AndroidManifest.xml:20:5-44
MERGED from [androidx.navigation:navigation-ui:2.9.7] AndroidManifest.xml:20:5-44
MERGED from [androidx.navigation:navigation-ui:2.9.7] AndroidManifest.xml:20:5-44
MERGED from [androidx.navigation:navigation-fragment:2.9.7] AndroidManifest.xml:20:5-44
MERGED from [androidx.navigation:navigation-fragment:2.9.7] AndroidManifest.xml:20:5-44
MERGED from [androidx.navigation:navigation-ui-ktx:2.9.7] AndroidManifest.xml:5:5-44
MERGED from [androidx.navigation:navigation-ui-ktx:2.9.7] AndroidManifest.xml:5:5-44
MERGED from [androidx.navigation:navigation-fragment-ktx:2.9.7] AndroidManifest.xml:5:5-44
MERGED from [androidx.navigation:navigation-fragment-ktx:2.9.7] AndroidManifest.xml:5:5-44
MERGED from [com.google.android.material:material:1.13.0] AndroidManifest.xml:20:5-44
MERGED from [com.google.android.material:material:1.13.0] AndroidManifest.xml:20:5-44
MERGED from [androidx.constraintlayout:constraintlayout:2.2.1] AndroidManifest.xml:5:5-44
MERGED from [androidx.constraintlayout:constraintlayout:2.2.1] AndroidManifest.xml:5:5-44
MERGED from [androidx.swiperefreshlayout:swiperefreshlayout:1.2.0] AndroidManifest.xml:5:5-44
MERGED from [androidx.swiperefreshlayout:swiperefreshlayout:1.2.0] AndroidManifest.xml:5:5-44
MERGED from [me.zhanghai.android.fastscroll:library:1.2.0] AndroidManifest.xml:20:5-44
MERGED from [me.zhanghai.android.fastscroll:library:1.2.0] AndroidManifest.xml:20:5-44
MERGED from [androidx.viewpager2:viewpager2:1.1.0-beta02] AndroidManifest.xml:5:5-44
MERGED from [androidx.viewpager2:viewpager2:1.1.0-beta02] AndroidManifest.xml:5:5-44
MERGED from [androidx.recyclerview:recyclerview:1.4.0] AndroidManifest.xml:5:5-44
MERGED from [androidx.recyclerview:recyclerview:1.4.0] AndroidManifest.xml:5:5-44
MERGED from [androidx.slidingpanelayout:slidingpanelayout:1.2.0] AndroidManifest.xml:20:5-22:41
MERGED from [androidx.slidingpanelayout:slidingpanelayout:1.2.0] AndroidManifest.xml:20:5-22:41
MERGED from [androidx.transition:transition:1.7.0] AndroidManifest.xml:5:5-44
MERGED from [androidx.transition:transition:1.7.0] AndroidManifest.xml:5:5-44
MERGED from [androidx.core:core-splashscreen:1.2.0] AndroidManifest.xml:20:5-44
MERGED from [androidx.core:core-splashscreen:1.2.0] AndroidManifest.xml:20:5-44
MERGED from [androidx.appcompat:appcompat-resources:1.7.1] AndroidManifest.xml:5:5-44
MERGED from [androidx.appcompat:appcompat-resources:1.7.1] AndroidManifest.xml:5:5-44
MERGED from [androidx.appcompat:appcompat:1.7.1] AndroidManifest.xml:5:5-44
MERGED from [androidx.appcompat:appcompat:1.7.1] AndroidManifest.xml:5:5-44
MERGED from [androidx.fragment:fragment:1.8.9] AndroidManifest.xml:5:5-44
MERGED from [androidx.fragment:fragment:1.8.9] AndroidManifest.xml:5:5-44
MERGED from [androidx.fragment:fragment-ktx:1.8.9] AndroidManifest.xml:5:5-44
MERGED from [androidx.fragment:fragment-ktx:1.8.9] AndroidManifest.xml:5:5-44
MERGED from [androidx.dynamicanimation:dynamicanimation:1.1.0] AndroidManifest.xml:5:5-44
MERGED from [androidx.dynamicanimation:dynamicanimation:1.1.0] AndroidManifest.xml:5:5-44
MERGED from [androidx.emoji2:emoji2-views-helper:1.3.0] AndroidManifest.xml:5:5-44
MERGED from [androidx.emoji2:emoji2-views-helper:1.3.0] AndroidManifest.xml:5:5-44
MERGED from [androidx.emoji2:emoji2:1.3.0] AndroidManifest.xml:21:5-44
MERGED from [androidx.emoji2:emoji2:1.3.0] AndroidManifest.xml:21:5-44
MERGED from [androidx.coordinatorlayout:coordinatorlayout:1.1.0] AndroidManifest.xml:20:5-22:41
MERGED from [androidx.coordinatorlayout:coordinatorlayout:1.1.0] AndroidManifest.xml:20:5-22:41
MERGED from [androidx.vectordrawable:vectordrawable-animated:1.1.0] AndroidManifest.xml:20:5-22:41
MERGED from [androidx.vectordrawable:vectordrawable-animated:1.1.0] AndroidManifest.xml:20:5-22:41
MERGED from [androidx.vectordrawable:vectordrawable:1.1.0] AndroidManifest.xml:20:5-22:41
MERGED from [androidx.vectordrawable:vectordrawable:1.1.0] AndroidManifest.xml:20:5-22:41
MERGED from [androidx.room:room-ktx:2.8.4] AndroidManifest.xml:20:5-44
MERGED from [androidx.room:room-ktx:2.8.4] AndroidManifest.xml:20:5-44
MERGED from [androidx.room:room-runtime-android:2.8.4] AndroidManifest.xml:21:5-44
MERGED from [androidx.room:room-runtime-android:2.8.4] AndroidManifest.xml:21:5-44
MERGED from [androidx.activity:activity-ktx:1.12.4] AndroidManifest.xml:5:5-44
MERGED from [androidx.activity:activity-ktx:1.12.4] AndroidManifest.xml:5:5-44
MERGED from [androidx.activity:activity:1.12.4] AndroidManifest.xml:20:5-44
MERGED from [androidx.activity:activity:1.12.4] AndroidManifest.xml:20:5-44
MERGED from [androidx.customview:customview-poolingcontainer:1.0.0] AndroidManifest.xml:20:5-21:38
MERGED from [androidx.customview:customview-poolingcontainer:1.0.0] AndroidManifest.xml:20:5-21:38
MERGED from [androidx.graphics:graphics-shapes-android:1.0.1] AndroidManifest.xml:5:5-44
MERGED from [androidx.graphics:graphics-shapes-android:1.0.1] AndroidManifest.xml:5:5-44
MERGED from [androidx.loader:loader:1.0.0] AndroidManifest.xml:20:5-44
MERGED from [androidx.loader:loader:1.0.0] AndroidManifest.xml:20:5-44
MERGED from [androidx.lifecycle:lifecycle-runtime-ktx-android:2.9.0] AndroidManifest.xml:5:5-44
MERGED from [androidx.lifecycle:lifecycle-runtime-ktx-android:2.9.0] AndroidManifest.xml:5:5-44
MERGED from [androidx.lifecycle:lifecycle-viewmodel-ktx:2.9.0] AndroidManifest.xml:5:5-44
MERGED from [androidx.lifecycle:lifecycle-viewmodel-ktx:2.9.0] AndroidManifest.xml:5:5-44
MERGED from [androidx.lifecycle:lifecycle-service:2.9.0] AndroidManifest.xml:5:5-44
MERGED from [androidx.lifecycle:lifecycle-service:2.9.0] AndroidManifest.xml:5:5-44
MERGED from [androidx.lifecycle:lifecycle-process:2.9.0] AndroidManifest.xml:21:5-44
MERGED from [androidx.lifecycle:lifecycle-process:2.9.0] AndroidManifest.xml:21:5-44
MERGED from [androidx.lifecycle:lifecycle-livedata-core-ktx:2.9.0] AndroidManifest.xml:5:5-44
MERGED from [androidx.lifecycle:lifecycle-livedata-core-ktx:2.9.0] AndroidManifest.xml:5:5-44
MERGED from [androidx.lifecycle:lifecycle-livedata-core:2.9.0] AndroidManifest.xml:20:5-44
MERGED from [androidx.lifecycle:lifecycle-livedata-core:2.9.0] AndroidManifest.xml:20:5-44
MERGED from [androidx.lifecycle:lifecycle-livedata:2.9.0] AndroidManifest.xml:20:5-44
MERGED from [androidx.lifecycle:lifecycle-livedata:2.9.0] AndroidManifest.xml:20:5-44
MERGED from [androidx.lifecycle:lifecycle-viewmodel:2.9.0] AndroidManifest.xml:4:5-43
MERGED from [androidx.lifecycle:lifecycle-viewmodel:2.9.0] AndroidManifest.xml:4:5-43
MERGED from [androidx.lifecycle:lifecycle-viewmodel-android:2.9.0] AndroidManifest.xml:20:5-44
MERGED from [androidx.lifecycle:lifecycle-viewmodel-android:2.9.0] AndroidManifest.xml:20:5-44
MERGED from [androidx.lifecycle:lifecycle-runtime-android:2.9.0] AndroidManifest.xml:20:5-44
MERGED from [androidx.lifecycle:lifecycle-runtime-android:2.9.0] AndroidManifest.xml:20:5-44
MERGED from [androidx.savedstate:savedstate-ktx:1.3.0] AndroidManifest.xml:5:5-44
MERGED from [androidx.savedstate:savedstate-ktx:1.3.0] AndroidManifest.xml:5:5-44
MERGED from [androidx.savedstate:savedstate-android:1.3.0] AndroidManifest.xml:20:5-44
MERGED from [androidx.savedstate:savedstate-android:1.3.0] AndroidManifest.xml:20:5-44
MERGED from [androidx.lifecycle:lifecycle-viewmodel-savedstate-android:2.9.0] AndroidManifest.xml:20:5-44
MERGED from [androidx.lifecycle:lifecycle-viewmodel-savedstate-android:2.9.0] AndroidManifest.xml:20:5-44
MERGED from [androidx.core:core-ktx:1.17.0] AndroidManifest.xml:5:5-44
MERGED from [androidx.core:core-ktx:1.17.0] AndroidManifest.xml:5:5-44
MERGED from [androidx.drawerlayout:drawerlayout:1.1.1] AndroidManifest.xml:20:5-22:41
MERGED from [androidx.drawerlayout:drawerlayout:1.1.1] AndroidManifest.xml:20:5-22:41
MERGED from [androidx.viewpager:viewpager:1.0.0] AndroidManifest.xml:20:5-44
MERGED from [androidx.viewpager:viewpager:1.0.0] AndroidManifest.xml:20:5-44
MERGED from [androidx.customview:customview:1.1.0] AndroidManifest.xml:20:5-22:41
MERGED from [androidx.customview:customview:1.1.0] AndroidManifest.xml:20:5-22:41
MERGED from [androidx.window:window:1.0.0] AndroidManifest.xml:20:5-22:41
MERGED from [androidx.window:window:1.0.0] AndroidManifest.xml:20:5-22:41
MERGED from [androidx.core:core:1.17.0] AndroidManifest.xml:20:5-44
MERGED from [androidx.core:core:1.17.0] AndroidManifest.xml:20:5-44
MERGED from [androidx.versionedparcelable:versionedparcelable:1.1.1] AndroidManifest.xml:20:5-22:41
MERGED from [androidx.versionedparcelable:versionedparcelable:1.1.1] AndroidManifest.xml:20:5-22:41
MERGED from [androidx.databinding:viewbinding:9.0.1] AndroidManifest.xml:5:5-44
MERGED from [androidx.databinding:viewbinding:9.0.1] AndroidManifest.xml:5:5-44
MERGED from [com.jakewharton.timber:timber:5.0.1] AndroidManifest.xml:5:5-44
MERGED from [com.jakewharton.timber:timber:5.0.1] AndroidManifest.xml:5:5-44
MERGED from [com.squareup.okhttp3:okhttp-android:5.3.2] AndroidManifest.xml:6:5-44
MERGED from [com.squareup.okhttp3:okhttp-android:5.3.2] AndroidManifest.xml:6:5-44
MERGED from [androidx.navigationevent:navigationevent-android:1.0.2] AndroidManifest.xml:5:5-44
MERGED from [androidx.navigationevent:navigationevent-android:1.0.2] AndroidManifest.xml:5:5-44
MERGED from [androidx.core:core-viewtree:1.0.0] AndroidManifest.xml:5:5-44
MERGED from [androidx.core:core-viewtree:1.0.0] AndroidManifest.xml:5:5-44
MERGED from [androidx.annotation:annotation-experimental:1.5.0] AndroidManifest.xml:5:5-44
MERGED from [androidx.annotation:annotation-experimental:1.5.0] AndroidManifest.xml:5:5-44
MERGED from [io.noties.markwon:core:4.6.2] AndroidManifest.xml:7:5-9:41
MERGED from [io.noties.markwon:core:4.6.2] AndroidManifest.xml:7:5-9:41
MERGED from [androidx.profileinstaller:profileinstaller:1.4.1] AndroidManifest.xml:21:5-44
MERGED from [androidx.profileinstaller:profileinstaller:1.4.1] AndroidManifest.xml:21:5-44
MERGED from [androidx.interpolator:interpolator:1.0.0] AndroidManifest.xml:20:5-44
MERGED from [androidx.interpolator:interpolator:1.0.0] AndroidManifest.xml:20:5-44
MERGED from [androidx.cursoradapter:cursoradapter:1.0.0] AndroidManifest.xml:20:5-44
MERGED from [androidx.cursoradapter:cursoradapter:1.0.0] AndroidManifest.xml:20:5-44
MERGED from [androidx.cardview:cardview:1.0.0] AndroidManifest.xml:20:5-44
MERGED from [androidx.cardview:cardview:1.0.0] AndroidManifest.xml:20:5-44
MERGED from [androidx.arch.core:core-runtime:2.2.0] AndroidManifest.xml:20:5-44
MERGED from [androidx.arch.core:core-runtime:2.2.0] AndroidManifest.xml:20:5-44
MERGED from [androidx.startup:startup-runtime:1.2.0] AndroidManifest.xml:21:5-44
MERGED from [androidx.startup:startup-runtime:1.2.0] AndroidManifest.xml:21:5-44
MERGED from [androidx.tracing:tracing:1.2.0] AndroidManifest.xml:20:5-44
MERGED from [androidx.tracing:tracing:1.2.0] AndroidManifest.xml:20:5-44
MERGED from [androidx.sqlite:sqlite-framework-android:2.6.2] AndroidManifest.xml:20:5-44
MERGED from [androidx.sqlite:sqlite-framework-android:2.6.2] AndroidManifest.xml:20:5-44
MERGED from [androidx.sqlite:sqlite-android:2.6.2] AndroidManifest.xml:20:5-44
MERGED from [androidx.sqlite:sqlite-android:2.6.2] AndroidManifest.xml:20:5-44
MERGED from [androidx.compose.runtime:runtime-annotation-android:1.9.0] AndroidManifest.xml:5:5-44
MERGED from [androidx.compose.runtime:runtime-annotation-android:1.9.0] AndroidManifest.xml:5:5-44
MERGED from [:shared] AndroidManifest.xml:7:5-44
MERGED from [:shared] AndroidManifest.xml:7:5-44
MERGED from [com.github.topjohnwu.libsu:service:6.0.0] AndroidManifest.xml:5:5-44
MERGED from [com.github.topjohnwu.libsu:service:6.0.0] AndroidManifest.xml:5:5-44
MERGED from [com.github.topjohnwu.libsu:core:6.0.0] AndroidManifest.xml:5:5-44
MERGED from [com.github.topjohnwu.libsu:core:6.0.0] AndroidManifest.xml:5:5-44
MERGED from [com.github.topjohnwu.libsu:nio:6.0.0] AndroidManifest.xml:5:5-44
MERGED from [com.github.topjohnwu.libsu:nio:6.0.0] AndroidManifest.xml:5:5-44
	android:targetSdkVersion
		INJECTED from src/main/AndroidManifest.xml
	android:minSdkVersion
		INJECTED from src/main/AndroidManifest.xml
permission#${applicationId}.DYNAMIC_RECEIVER_NOT_EXPORTED_PERMISSION
ADDED from [:core] AndroidManifest.xml:8:5-11:31
REJECTED from [androidx.core:core:1.17.0] AndroidManifest.xml:22:5-24:47
	tools:node
		ADDED from [:core] AndroidManifest.xml:11:9-28
	android:protectionLevel
		ADDED from [:core] AndroidManifest.xml:10:9-44
	android:name
		ADDED from [:core] AndroidManifest.xml:9:9-81
permission#io.github.huskydg.magisk.DYNAMIC_RECEIVER_NOT_EXPORTED_PERMISSION
ADDED from [:core] AndroidManifest.xml:8:5-11:31
REJECTED from [androidx.core:core:1.17.0] AndroidManifest.xml:22:5-24:47
	tools:node
		ADDED from [:core] AndroidManifest.xml:11:9-28
	android:protectionLevel
		ADDED from [:core] AndroidManifest.xml:10:9-44
	android:name
		ADDED from [:core] AndroidManifest.xml:9:9-81
uses-permission#${applicationId}.DYNAMIC_RECEIVER_NOT_EXPORTED_PERMISSION
ADDED from [:core] AndroidManifest.xml:13:5-15:31
REJECTED from [androidx.core:core:1.17.0] AndroidManifest.xml:26:5-97
	tools:node
		ADDED from [:core] AndroidManifest.xml:15:9-28
	android:name
		ADDED from [:core] AndroidManifest.xml:14:9-81
uses-permission#io.github.huskydg.magisk.DYNAMIC_RECEIVER_NOT_EXPORTED_PERMISSION
ADDED from [:core] AndroidManifest.xml:13:5-15:31
REJECTED from [androidx.core:core:1.17.0] AndroidManifest.xml:26:5-97
	tools:node
		ADDED from [:core] AndroidManifest.xml:15:9-28
	android:name
		ADDED from [:core] AndroidManifest.xml:14:9-81
receiver#com.topjohnwu.magisk.core.Receiver
ADDED from [:core] AndroidManifest.xml:22:9-36:20
	android:exported
		ADDED from [:core] AndroidManifest.xml:24:13-37
	android:name
		ADDED from [:core] AndroidManifest.xml:23:13-62
intent-filter#action:name:android.intent.action.LOCALE_CHANGED+action:name:android.intent.action.MY_PACKAGE_REPLACED+action:name:android.intent.action.UID_REMOVED
ADDED from [:core] AndroidManifest.xml:25:13-29:29
action#android.intent.action.LOCALE_CHANGED
ADDED from [:core] AndroidManifest.xml:26:17-79
	android:name
		ADDED from [:core] AndroidManifest.xml:26:25-76
action#android.intent.action.UID_REMOVED
ADDED from [:core] AndroidManifest.xml:27:17-76
	android:name
		ADDED from [:core] AndroidManifest.xml:27:25-73
action#android.intent.action.MY_PACKAGE_REPLACED
ADDED from [:core] AndroidManifest.xml:28:17-84
	android:name
		ADDED from [:core] AndroidManifest.xml:28:25-81
intent-filter#action:name:android.intent.action.PACKAGE_FULLY_REMOVED+action:name:android.intent.action.PACKAGE_REPLACED+data:scheme:package
ADDED from [:core] AndroidManifest.xml:30:13-35:29
action#android.intent.action.PACKAGE_REPLACED
ADDED from [:core] AndroidManifest.xml:31:17-81
	android:name
		ADDED from [:core] AndroidManifest.xml:31:25-78
action#android.intent.action.PACKAGE_FULLY_REMOVED
ADDED from [:core] AndroidManifest.xml:32:17-86
	android:name
		ADDED from [:core] AndroidManifest.xml:32:25-83
data
ADDED from [:core] AndroidManifest.xml:34:17-50
	android:scheme
		ADDED from [:core] AndroidManifest.xml:34:23-47
service#com.topjohnwu.magisk.core.Service
ADDED from [:core] AndroidManifest.xml:38:9-42:56
	android:enabled
		ADDED from [:core] AndroidManifest.xml:40:13-54
	android:exported
		ADDED from [:core] AndroidManifest.xml:41:13-37
	android:foregroundServiceType
		ADDED from [:core] AndroidManifest.xml:42:13-53